

    ******************************************************************
    ***********  DALTON - An electronic structure program  ***********
    ******************************************************************

            This is output from DALTON (Release 1.2.1, November 2001)

                          Principal authors:

            Trygve Helgaker,       University of Oslo,         Norway 
            Hans Joergen Jensen,   SDU - Odense University,    Denmark
            Poul Joergensen,       Aarhus University,          Denmark
            Jeppe Olsen,           Aarhus University,          Denmark
            Kenneth Ruud,          San Diego Superc. Center,   USA    
            Hans Aagren,           KTH Stockholm,              Sweden 

                          Contributors:

            Alexander A. Auer,     University of Mainz,        Germany
            Keld L. Bak,           UNI-C,                      Denmark
            Vebjoern Bakken,       University of Oslo,         Norway 
            Ove Christiansen,      University of Lund,         Sweden 
            Sonia Coriani,         University of Trieste,      Italy  
            Paal Dahle,            University of Oslo,         Norway 
            Erik K. Dalskov,       UNI-C,                      Denmark
            Thomas Enevoldsen,     SDU - Odense University,    Denmark
            Berta Fernandez,       U.of Santiago de Compostela,Spain  
            Christof Haettig,      Forschungszentrum Karlsruhe,Germany
            Kasper Hald,           Aarhus University,          Denmark
            Asger Halkier,         Aarhus University,          Denmark
            Hanne Heiberg,         University of Oslo,         Norway 
            Hinne Hettema,         University of Auckland,     NZ     
            Dan Jonsson,           San Diego Superc. Center,   USA    
            Sheela Kirpekar,       SDU - Odense University,    Denmark
            Rika Kobayashi,        Cambridge University,       England
            Henrik Koch,           SDU - Odense University,    Denmark
            Kurt V.Mikkelsen,      University of Copenhagen,   Denmark
            Patrick Norman,        University of Linkoeping,   Sweden 
            Thomas B. Pedersen,    U.of Santiago de Compostela,Spain  
            Martin J. Packer,      University of Sheffield,    UK     
            Torgeir A. Ruden,      University of Oslo,         Norway 
            Alfredo Sanchez,       University of Valencia,     Spain  
            Trond Saue,            University of Toulouse,     France 
            Stephan P. A. Sauer,   University of Copenhagen,   Denmark
            Bernd Schimmelpfennig, KTH Stockholm,              Sweden 
            K. O. Sylvester-Hvid,  University of Copenhagen,   Denmark
            Peter R.Taylor,        San Diego Superc. Center,   USA    
            Olav Vahtras,          PDC, Stockholm,             Sweden 

------------------------------------------------------------------------


     NOTE:
      
     This is an experimental code for the evaluation of molecular
     properties using (MC)SCF wave functions. The authors accept no
     responsibility for the performance of the code or for the
     correctness of the results.
      
     The code (in whole or part) is provided under a license and
     is not to be reproduced for further distribution without
     the written permission of the authors or their representatives.
     See licence agreement for further information.
      
     If results obtained with this code are published, an
     appropriate citation would be:
      
     "Dalton, a molecular electronic structure program, Release 1.2
     (2001), written by T. Helgaker, H. J. Aa. Jensen, P. Joergensen,
     J. Olsen, K. Ruud, H. Aagren, A.A. Auer, K.L. Bak, V. Bakken,
     O. Christiansen, S. Coriani, P. Dahle, E. K. Dalskov,
     T. Enevoldsen, B. Fernandez, C. Haettig, K. Hald, A. Halkier,
     H. Heiberg, H. Hettema, D. Jonsson, S. Kirpekar, R. Kobayashi,
     H. Koch, K. V. Mikkelsen, P. Norman, M. J. Packer,
     T. B. Pedersen, T. A. Ruden, A. Sanchez, T. Saue, S. P. A. Sauer,
     B. Schimmelpfennig, K. O. Sylvester-Hvid, P. R. Taylor,
     and O. Vahtras"

 
     Date and time (Linux)  : Wed Dec  3 14:04:06 2003
     Host name              : chim251.unife.it                        

 <<<<<<<<<< OUTPUT FROM GENERAL INPUT PROCESSING >>>>>>>>>>


 Default print level:        0



 Chosen parameters for OPTIMI:
 -----------------------------

 Default 1st order method will be used:   BFGS update.
 Optimization will be performed in redundant internal coordinates.
 Model Hessian will be used as initial Hessian.
 The model Hessian parameters of Roland Lindh will be used.


 Threshold for symmetry-break set to       :      0.10D-02
 Trust region method will be used to control step (default).



          >>>>>>>>>>>>>>>>>>>>>>>>>>>>>>>>>>>>>>>>>>>>>>>>>>>>>
          >>>>>>>>>> 1st Order Geometry Optimization >>>>>>>>>>
          >>>>>>>>>>>>>>>>>>>>>>>>>>>>>>>>>>>>>>>>>>>>>>>>>>>>>



 *************************************************************************
 ****************** Output from HERMIT input processing ******************
 *************************************************************************

    Starting in Integral Section -



 *************************************************************************
 ****************** Output from HERMIT input processing ******************
 *************************************************************************



 *************************************************************************
 ****************** Output from READIN input processing ******************
 *************************************************************************



  Title Cards
  -----------

  formaldeide                                                             
                                                                          


  Symmetry Operations
  -------------------

  Symmetry operations: 2



                      SYMGRP:Point group information
                      ------------------------------

Point group: C2v

   * The point group was generated by:

      Reflection in the yz-plane
      Reflection in the xz-plane

   * Group multiplication table

        |  E   C2z  Oxz  Oyz
   -----+--------------------
     E  |  E 
    C2z | C2z   E 
    Oxz | Oxz  Oyz   E 
    Oyz | Oyz  Oxz  C2z   E 

   * Character table

        |  E   C2z  Oxz  Oyz
   -----+--------------------
    A1  |   1    1    1    1
    B1  |   1   -1    1   -1
    B2  |   1   -1   -1    1
    A2  |   1    1   -1   -1

   * Direct product table

        | A1   B1   B2   A2 
   -----+--------------------
    A1  | A1 
    B1  | B1   A1 
    B2  | B2   A2   A1 
    A2  | A2   B2   B1   A1 


  Atoms and basis sets
  --------------------

  Number of atom types:     3
  Total number of atoms:    4

  label    atoms   charge   prim    cont     basis   
  ----------------------------------------------------------------------
  O           1       8      42      30      [10s5p2d1f|4s3p2d1f]                         
  C           1       6      42      30      [10s5p2d1f|4s3p2d1f]                         
  H           2       1      16      14      [5s2p1d|3s2p1d]                              
  ----------------------------------------------------------------------
  total:      4      16     116      88
  ----------------------------------------------------------------------
  Spherical harmonic basis used.

  Threshold for integrals:  1.00D-15


  Cartesian Coordinates
  ---------------------

  Total number of coordinates: 12


   1   O        x      0.0000000000
   2            y      0.0000000000
   3            z      1.1445112225

   4   C        x      0.0000000000
   5            y      0.0000000000
   6            z     -1.1519980706

   7   H    1   x      0.0000000000
   8            y      1.7539606154
   9            z     -2.2237902783

  10   H    2   x      0.0000000000
  11            y     -1.7539606154
  12            z     -2.2237902783



  Symmetry Coordinates
  --------------------

  Number of coordinates in each symmetry:   4  3  4  1


  Symmetry 1

   1   O     z    3
   2   C     z    6
   3   H     y    [  8  -  11 ]/2
   4   H     z    [  9  +  12 ]/2


  Symmetry 2

   5   O     x    1
   6   C     x    4
   7   H     x    [  7  +  10 ]/2


  Symmetry 3

   8   O     y    2
   9   C     y    5
  10   H     y    [  8  +  11 ]/2
  11   H     z    [  9  -  12 ]/2


  Symmetry 4

  12   H     x    [  7  -  10 ]/2


   Interatomic separations (in Angstroms):
   ---------------------------------------

            O           C           H  1        H  2

   O       0.000000
   C       1.215260    0.000000
   H  1    2.009608    1.087728    0.000000
   H  2    2.009608    1.087728    1.856312    0.000000




  Bond distances (angstroms):
  ---------------------------

                  atom 1     atom 2                           distance
                  ------     ------                           --------
  bond distance:    C          O                              1.215260
  bond distance:    H  1       C                              1.087728
  bond distance:    H  2       C                              1.087728


  Bond angles (degrees):
  ----------------------

                  atom 1     atom 2     atom 3                   angle
                  ------     ------     ------                   -----
  bond angle:       O          C          H  1                 121.428
  bond angle:       O          C          H  2                 121.428
  bond angle:       H  1       C          H  2                 117.144


  Nuclear repulsion energy :   31.237504327659


  Symmetry Orbitals
  -----------------

  Number of orbitals in each symmetry:         36  18  24  10


  Symmetry  A1 ( 1)

    1     O        1s         1
    2     O        1s         2
    3     O        1s         3
    4     O        1s         4
    5     O        2pz        7
    6     O        2pz       10
    7     O        2pz       13
    8     O        3d0       16
    9     O        3d2+      18
   10     O        3d0       21
   11     O        3d2+      23
   12     O        4f0       27
   13     O        4f2+      29
   14     C        1s        31
   15     C        1s        32
   16     C        1s        33
   17     C        1s        34
   18     C        2pz       37
   19     C        2pz       40
   20     C        2pz       43
   21     C        3d0       46
   22     C        3d2+      48
   23     C        3d0       51
   24     C        3d2+      53
   25     C        4f0       57
   26     C        4f2+      59
   27     H        1s        61  +  62
   28     H        1s        63  +  64
   29     H        1s        65  +  66
   30     H        2py       69  -  70
   31     H        2pz       71  +  72
   32     H        2py       75  -  76
   33     H        2pz       77  +  78
   34     H        3d1-      81  -  82
   35     H        3d0       83  +  84
   36     H        3d2+      87  +  88


  Symmetry  B1 ( 2)

   37     O        2px        5
   38     O        2px        8
   39     O        2px       11
   40     O        3d1+      17
   41     O        3d1+      22
   42     O        4f1+      28
   43     O        4f3+      30
   44     C        2px       35
   45     C        2px       38
   46     C        2px       41
   47     C        3d1+      47
   48     C        3d1+      52
   49     C        4f1+      58
   50     C        4f3+      60
   51     H        2px       67  +  68
   52     H        2px       73  +  74
   53     H        3d2-      79  -  80
   54     H        3d1+      85  +  86


  Symmetry  B2 ( 3)

   55     O        2py        6
   56     O        2py        9
   57     O        2py       12
   58     O        3d1-      15
   59     O        3d1-      20
   60     O        4f3-      24
   61     O        4f1-      26
   62     C        2py       36
   63     C        2py       39
   64     C        2py       42
   65     C        3d1-      45
   66     C        3d1-      50
   67     C        4f3-      54
   68     C        4f1-      56
   69     H        1s        61  -  62
   70     H        1s        63  -  64
   71     H        1s        65  -  66
   72     H        2py       69  +  70
   73     H        2pz       71  -  72
   74     H        2py       75  +  76
   75     H        2pz       77  -  78
   76     H        3d1-      81  +  82
   77     H        3d0       83  -  84
   78     H        3d2+      87  -  88


  Symmetry  A2 ( 4)

   79     O        3d2-      14
   80     O        3d2-      19
   81     O        4f2-      25
   82     C        3d2-      44
   83     C        3d2-      49
   84     C        4f2-      55
   85     H        2px       67  -  68
   86     H        2px       73  -  74
   87     H        3d2-      79  +  80
   88     H        3d1+      85  -  86

  Symmetries of electric field:  B1 (2)  B2 (3)  A1 (1)

  Symmetries of magnetic field:  B2 (3)  B1 (2)  A2 (4)


 ************************************************************************
 ************************** Output from HERINT **************************
 ************************************************************************


 >>> Time used in ONEDRV is   0.03 seconds


 >>> Time used in OVERLA is   0.02 seconds


 Number of two-electron integrals written:     1857978 ( 24.2% )
 Megabytes written:                             21.277



 >>> Time used in TWOINT is   4.06 seconds


 >>> Time used in FRMSUP is   0.49 seconds

 >>>> Total CPU  time used in HERMIT:   4.61 seconds
 >>>> Total wall time used in HERMIT:   5.00 seconds

- End of Integral Section
     Starting Wave Function Section -

 **********************************************************************
 *SIRIUS* a direct, restricted step, second order MCSCF program       *
 **********************************************************************

 
     Date and time (Linux)  : Wed Dec  3 14:04:11 2003
     Host name              : chim251.unife.it                        

 Title lines from integral program:
     formaldeide                                                             
                                                                             

 Print level on unit LUPRI =   2 is   0
 Print level on unit LUW4  =   2 is   5

     MC-SCF optimization.

               Type: complete active space calculation (CAS).

     This is a combination run starting with

               a RHF calculation
               an MP2 calculation 


 Initial molecular orbitals are obtained according to
 ".MOSTART HUCKEL" input option.

     Wave function specification
     ============================
     Number of closed shell electrons         10
     Number of electrons in active shells      6
     Number of active orbitals                 5
     Total number of orbitals                 88

     Spin multiplicity                         1
     Total number of symmetries                4
     Reference state symmetry                  1

     Orbital specifications
     ======================
     Abelian symmetry species           1   2   3   4
                                       --  --  --  --
     Inactive orbitals                  4   0   1   0
     Active orbitals                    2   2   1   0
     Secondary orbitals                30  16  22  10
     Total number of orbitals          36  18  24  10
     Number of basis functions         36  18  24  10

     Occupied HF orbitals               5   1   2   0

     Optimization information
     ========================
     Number of configurations             18
     Number of orbital rotations         265
     ---------------------------------------
     Total number of variables           283

     Maximum number of macro iterations      15
     Maximum number of micro iterations     360
     Threshold for gradient            1.00D-05
     Number of initial trial vectors          1
     Number of initial CI iterations          3
     Number of simultaneous trial vectors     1

     This calculation converges to the lowest state
     for the specified symmetry and spin species.

     Maximum number of NEO/NR iterations  24


 >>>>> DIIS optimization of Hartree-Fock <<<<<

 C1-DIIS algorithm; max error vectors =   10

 Iter      Total energy        Error norm    Delta(E)
 ----------------------------------------------------
    1     -113.356600648801    4.51271D+00   -1.13D+02
    2     -113.859795776962    9.63059D-01   -5.03D-01
    3     -113.900192929808    4.50686D-01   -4.04D-02
    4     -113.909332518687    1.23257D-01   -9.14D-03
    5     -113.910448133579    4.95799D-02   -1.12D-03
    6     -113.910777060214    1.83254D-02   -3.29D-04
    7     -113.910842829503    1.87056D-03   -6.58D-05
    8     -113.910843431669    2.84421D-04   -6.02D-07
    9     -113.910843441140    3.89051D-05   -9.47D-09
   10     -113.910843441317    7.66933D-06   -1.77D-10
   11     -113.910843441325    1.67539D-06   -7.79D-12
   12     -113.910843441325    2.16700D-07   -2.27D-13
 DIIS converged in  12 iterations !


 >>>>> Output from SIRIUS MP2 module <<<<<

 Reference: H.J.Aa.Jensen, P. Jorgensen, H. Agren, and J. Olsen,
            J. Chem. Phys. 88, 3834 (1988); 89, 5354 (1988)



 Check that orbitals are canonical HARTREE-FOCK orbitals

 Number of electrons :   16
 Orbital occupations :    5    1    2    0


 Hartree-Fock electronic energy:        -145.148347768984

 Hartree-Fock total      energy:        -113.910843441325

 Hartree-Fock orbital energies, symmetry 1

       -20.57397770   -11.33772854    -1.39721109    -0.87474030    -0.64725107
         0.14832288     0.26867074     0.43685579     0.59416202     0.68515134
         0.73336932     1.02316779     1.21458857     1.33262567     1.66352790
         1.77612838     1.99989283     2.31057878     2.49022664     2.83760682
         3.17304049     3.45105498     3.63331692     3.71486524     4.15201951
         4.43095692     4.80394945     5.09977841     5.39523571     5.62421852
         6.28565922     6.61126654     6.88929765     7.51455837    11.10031235
        13.48261261

 Hartree-Fock orbital energies, symmetry 2

        -0.52988338     0.11677304     0.44406512     0.86857523     0.94745433
         1.21336123     2.16387733     2.35318867     3.03469347     3.21723143
         3.49718642     4.02093384     4.27586913     4.50367965     4.94788242
         5.66905660     6.59495289     7.28731431

 Hartree-Fock orbital energies, symmetry 3

        -0.69543718    -0.44385621     0.20507443     0.45981925     0.63083296
         0.89428798     1.06810317     1.34014831     1.47508498     2.30174873
         2.63645264     2.85865940     3.12456091     3.44368174     3.61470791
         3.93111229     4.19626322     4.78718174     5.08497419     5.43883384
         5.68260534     6.06046290     7.41136452     7.53292406

 Hartree-Fock orbital energies, symmetry 4

         0.70657809     1.18389532     1.95248351     2.93028263     3.25423819
         3.64281286     4.18845516     5.10430696     6.11173753     6.85941128

    E(LUMO) :     0.11677304
  - E(HOMO) :    -0.44385621
  --------------------------
    gap     :     0.56062925

 ABS SUM OF OFF-DIAGONAL FOCK CORE ELEMENTS ARE :  2.16D-06

 MP2 move   0.222731 electrons to unoccupied HF orbitals


 Hartree-Fock total energy :          -113.9108434413
 + MP2 contribution        :            -0.4242173739
 = MP2 second order energy :          -114.3350608153

 Natural orbital occupation numbers, symmetry 1

         1.99954546     1.99918733     1.98399390     1.97400553     1.95848707
         0.02811651     0.01366288     0.01150824     0.00739040     0.00622993
         0.00442966     0.00234411     0.00140641     0.00124585     0.00079615
         0.00051694     0.00047172     0.00039564     0.00038361     0.00036011
         0.00030549     0.00026865     0.00018608     0.00017585     0.00014657
         0.00012565     0.00010089     0.00007674     0.00005869     0.00005495
         0.00004423     0.00003785     0.00002594     0.00001771     0.00001392
         0.00000424

 Sum     9.99612094
 RHF    10.00000000
 Diff.  -0.00387906

 Natural orbital occupation numbers, symmetry 2

         1.93268558     0.05602854     0.00772098     0.00344285     0.00220005
         0.00079474     0.00073600     0.00042929     0.00038380     0.00032344
         0.00021693     0.00014067     0.00012114     0.00008706     0.00005456
         0.00003659     0.00003031     0.00001822

 Sum     2.00545073
 RHF     2.00000000
 Diff.   0.00545073

 Natural orbital occupation numbers, symmetry 3

         1.97129825     1.96225147     0.02643046     0.01055693     0.00736227
         0.00271343     0.00146632     0.00103374     0.00058547     0.00055609
         0.00038387     0.00033392     0.00029219     0.00020130     0.00012110
         0.00011046     0.00009763     0.00008706     0.00004566     0.00003690
         0.00002588     0.00001676     0.00000795    -0.00002425

 Sum     3.98599085
 RHF     4.00000000
 Diff.  -0.01400915

 Natural orbital occupation numbers, symmetry 4

         0.00641246     0.00405683     0.00087219     0.00033705     0.00031894
         0.00018618     0.00010637     0.00007765     0.00004986     0.00001995

 Sum     0.01243748
 RHF     0.00000000
 Diff.   0.01243748

 Time used for MP2 natural orbitals :       3.250 CPU seconds.


        SIRIUS MCSCF optimization (SIROPT)
 ================================================



 <<<<< Output from SIRIUS CI module (CICTL) >>>>>




 (CIST1)  4 lowest diagonal elements:

 Element no. Config.no.    Active energy      Total energy

         1 :          6    -11.9185095430   -113.9051642253
         2 :         13    -11.4596710158   -113.4463256982
         3 :          3    -11.2411257431   -113.2277804254
         4 :          8    -10.9611205009   -112.9477751833


 Convergence threshold for CI optimization :     0.00000500



 *** Reached maximum number of CI iterations:    3
              1 CI roots are not converged.


 CI energies and residuals:
    1     -113.977932669057000       2.08D-02

   <<< OUTPUT FROM SIRCNO >>>    Keyword = FD+NO 


 Occupations of CAS natural orbitals:

 Symmetry  1

   1.979114602   0.021027463

 Symmetry  2

   1.940280047   0.060557391

 Symmetry  3

   1.999020497


 <<< MACRO ITERATION  1 >>>
 --------------------------

 Total MCSCF energy       :     -113.977932669057200       (MACRO    1)

 Norm of total gradient   :        0.242759739554
 -    of CI gradient      :        0.041681807791
 -    of orbital gradient :        0.239154590271

 Residual norm when dim(red L) =   6
 NEO root     CSF        orbital          total
    1     0.03957078     0.01828647     0.04359176 converged

 (NEONEX) NEO vector is converged.

   <<< OUTPUT FROM SIRCNO >>>    Keyword = FD+NO 


 Occupations of CAS natural orbitals:

 Symmetry  1

   1.974764969   0.025498962

 Symmetry  2

   1.934102761   0.066560139

 Symmetry  3

   1.999073169


 <<< MACRO ITERATION  2 >>>
 --------------------------

 Total MCSCF energy       :     -113.984316895609800       (MACRO    2)

 Norm of total gradient   :        0.084385360216
 -    of CI gradient      :        0.081180006736
 -    of orbital gradient :        0.023036829753

 Residual norm when dim(red L) =   9
 NEO root     CSF        orbital          total
    1     0.00241434     0.00102984     0.00262481 converged

 (NEONEX) NEO vector is converged.

   <<< OUTPUT FROM SIRCNO >>>    Keyword = FD+NO 


 Occupations of CAS natural orbitals:

 Symmetry  1

   1.979027913   0.021408443

 Symmetry  2

   1.931639198   0.068773981

 Symmetry  3

   1.999150465


 <<< MACRO ITERATION  3 >>>
 --------------------------

 Total MCSCF energy       :     -113.985274355882000       (MACRO    3)

 Norm of total gradient   :        0.004572755659
 -    of CI gradient      :        0.003995065719
 -    of orbital gradient :        0.002224757114

 Residual norm when dim(red L) =  14
 NEO root     CSF        orbital          total
    1     0.00006039     0.00002428     0.00006509 converged

 (NEONEX) NEO vector is converged.

   <<< OUTPUT FROM SIRCNO >>>    Keyword = FD+NO 


 Occupations of CAS natural orbitals:

 Symmetry  1

   1.979108403   0.021325556

 Symmetry  2

   1.931692916   0.068719790

 Symmetry  3

   1.999153335


 <<< MACRO ITERATION  4 >>>
 --------------------------

 Total MCSCF energy       :     -113.985283692126300       (MACRO    4)

 Norm of total gradient   :        0.000113434323
 -    of CI gradient      :        0.000106468930
 -    of orbital gradient :        0.000039137099

 Residual norm when dim(red L) =   8
 NEO root     CSF        orbital          total
    1     0.00000245     0.00000560     0.00000611 converged

 (NEONEX) NEO vector is converged.

   <<< OUTPUT FROM SIRCNO >>>    Keyword = FD+NO 


 Occupations of CAS natural orbitals:

 Symmetry  1

   1.979113773   0.021320116

 Symmetry  2

   1.931685342   0.068726596

 Symmetry  3

   1.999154173


 <<< MACRO ITERATION  5 >>>
 --------------------------

 Total MCSCF energy       :     -113.985283694227600       (MACRO    5)

 Norm of total gradient   :        0.000006110287
 -    of CI gradient      :        0.000002452859
 -    of orbital gradient :        0.000005596346

 *** Optimization control: MCSCF converged ***
     Number of macro iterations used            5
     Number of micro iterations used           30
     Total number of CPU seconds used        15.83


               >>> SIRIUS OPTIMIZATION STATISTICS <<<

 
     Date and time (Linux)  : Wed Dec  3 14:04:35 2003
     Host name              : chim251.unife.it                        


  ITER ITMIC     EMCSCF           GRDNRM        RATIO      STPLNG
 ---------------------------------------------------------------------
    1    5   -113.977932669057   0.2427597396  0.000000   0.5336012731
    2    7   -113.984316895610   0.0843853602  0.803851   0.0806484575
    3   12   -113.985274355882   0.0045727557  1.037688   0.0250332978
    4    6   -113.985283692126   0.0001134343  1.006215   0.0001956580
    5    0   -113.985283694228   0.0000061103  1.000391   0.0000000000


  ITER  INDGCM  GCIMAX      GCINRM     INDGOM  GOBMAX      GOBNRM      GRDNRM
 ------------------------------------------------------------------------------
    1     16    0.018114    0.041682    259   -0.071974    0.239155    0.242760
    2      7   -0.048284    0.081180      6    0.004790    0.023037    0.084385
    3      7   -0.002964    0.003995    154   -0.000641    0.002225    0.004573
    4      7   -0.000073    0.000106    224   -0.000010    0.000039    0.000113
    5     17    0.000001    0.000002      6   -0.000002    0.000006    0.000006


  ITER ITMIC NCLIN NOLIN   TIMMAC    TIMITR    TIMMIC    TIMLIN    TIMMIC/ITMIC
 ------------------------------------------------------------------------------

    1     5     1     4      2.89      2.14      0.68      0.62      0.14
    2     7     4     4      3.00      2.13      0.80      0.75      0.11
    3    12     5     8      3.67      2.17      1.43      1.38      0.12
    4     6     4     3      2.88      2.14      0.67      0.62      0.11
    5     0     0     0      2.21      2.14      0.00      0.00


 ITER         EMY                 EACTIV              EMCSCF

    1   -133.224159010009    -11.991277986707   -113.977932669057
    2   -131.939921565099    -13.281899658169   -113.984316895610
    3   -132.012025100495    -13.210753583046   -113.985274355882
    4   -132.008910373521    -13.213877646264   -113.985283692126
    5   -132.009078065652    -13.213709956234   -113.985283694228


 ITER         DEPRED              DEACT               RATIO

    1      0.000000000000      0.000000000000      0.000000000000
    2     -0.007942056708     -0.006384226553      0.803850537398
    3     -0.000922686184     -0.000957460272      1.037687882513
    4     -0.000009278580     -0.000009336244      1.006214824034
    5     -0.000000002100     -0.000000002101      1.000390759192


 ITER    BETA           GAMMA             STPLNG              RTRUST

    1      0.20000000  1.00000000      0.533601273105      0.700000000000
    2      0.20000000  1.00000000      0.080648457452      0.700000000000
    3      0.20000000  1.00000000      0.025033297843      0.700000000000
    4      0.20000000  1.00000000      0.000195658006      0.700000000000
    5      0.00000000  0.00000000      0.000000000000      0.700000000000


 Reduced L root no.  1
 ITER         EVAL              EVEC(1)           EVEC(2)           EVEC(3)
 ----------------------------------------------------------------------------
    1   -0.000628209722    0.994353579324   -0.078506232731   -0.049391308950
    2   -0.000073795695    0.999869941903   -0.002562771777   -0.014315180255
    3   -0.000000742268    0.999987466916   -0.000357992499   -0.003725902354
    4   -0.000000000168    0.999999999234   -0.000004554563   -0.000034915772
    5    0.000000000000    0.000000000000    0.000000000000    0.000000000000


                    >>> FINAL RESULTS FROM SIRIUS <<<

     Spin multiplicity:           1
     Spatial symmetry:            1
     State number:                1

     Final MCSCF energy:         -113.985283694228
     Nuclear repulsion:            31.237504327659
     Electronic energy:          -145.222788021886

     Final gradient norm:           0.000006110287

 
     Date and time (Linux)  : Wed Dec  3 14:04:35 2003
     Host name              : chim251.unife.it                        


 Occupancies of natural orbitals
 -------------------------------

 Symmetry  1

   2.000000000   2.000000000   2.000000000   2.000000000   1.979113773
   0.021320116

 Sum =          10.000433889

 Symmetry  2

   1.931685342   0.068726596

 Sum =           2.000411937

 Symmetry  3

   2.000000000   1.999154173

 Sum =           3.999154173

 Symmetry  4

   No occupied orbitals

     Molecular orbitals for symmetry species   1

 Orbital          1        2        3        4        5        6
   1  O   1s     0.9987  -0.0006  -0.0046   0.0013   0.0093   0.0580
   2  O   1s    -0.0028   0.0000   0.8845   0.2722  -0.1770   0.6621
   3  O   1s     0.0015   0.0003  -0.0040   0.0000   0.0059   0.0461
   4  O   1s     0.0006  -0.0004  -0.0042   0.0395   0.1206   0.0754
   5  O   2pz   -0.0055  -0.0026   0.2829   0.0918   0.7487  -1.2544
   6  O   2pz    0.0045   0.0009  -0.0059  -0.0069  -0.0122   0.1019
   7  O   2pz    0.0016   0.0003   0.0252  -0.0182  -0.0592   0.4038
   8  O   3d0    0.0002   0.0000  -0.0004  -0.0012  -0.0141   0.0134
   9  O   3d2+  -0.0001   0.0000  -0.0005   0.0001  -0.0004   0.0054
  10  O   3d0   -0.0006  -0.0003  -0.0041   0.0000  -0.0350  -0.0014
  11  O   3d2+  -0.0002  -0.0001  -0.0010  -0.0022  -0.0011   0.0086
  12  O   4f0    0.0001   0.0000  -0.0004  -0.0001   0.0077   0.0042
  13  O   4f2+   0.0000   0.0000   0.0004   0.0002   0.0015  -0.0142
  14  C   1s     0.0004   0.9991  -0.0107   0.0086   0.0133  -0.0588
  15  C   1s     0.0021   0.0021   0.1909  -0.6839  -0.3871  -0.9139
  16  C   1s    -0.0002   0.0017  -0.0071   0.0104  -0.0021  -0.0857
  17  C   1s    -0.0019   0.0000  -0.0059   0.1001   0.1622   0.3058
  18  C   2pz    0.0011   0.0019  -0.0557   0.3497  -0.6072  -1.1628
  19  C   2pz    0.0022   0.0005  -0.0117  -0.0325   0.1003  -0.0196
  20  C   2pz   -0.0007  -0.0010   0.0194  -0.0690   0.1972   0.3225
  21  C   3d0    0.0005   0.0007   0.0069   0.0036  -0.0225  -0.0369
  22  C   3d2+   0.0000  -0.0005  -0.0035   0.0130  -0.0020  -0.0226
  23  C   3d0    0.0012   0.0004   0.0117   0.0038  -0.0109  -0.0642
  24  C   3d2+   0.0007   0.0001  -0.0078   0.0122   0.0003  -0.0619
  25  C   4f0    0.0001   0.0008   0.0047  -0.0031  -0.0082   0.0022
  26  C   4f2+  -0.0001   0.0005   0.0029  -0.0046  -0.0047  -0.0087
  27  H   1s     0.0003   0.0000   0.1221  -0.4885   0.1151   0.1138
  28  H   1s     0.0008   0.0004  -0.0368   0.0909   0.0071  -0.0972
  29  H   1s    -0.0001  -0.0007  -0.0324   0.1616  -0.0144  -0.0201
  30  H   2py   -0.0001   0.0003  -0.0017   0.0111  -0.0043  -0.0023
  31  H   2pz    0.0000  -0.0002   0.0008  -0.0048   0.0006  -0.0024
  32  H   2py   -0.0001  -0.0001   0.0018   0.0114  -0.0159   0.0185
  33  H   2pz    0.0004   0.0002  -0.0052  -0.0026   0.0006  -0.0328
  34  H   3d1-   0.0000   0.0002   0.0004   0.0017  -0.0011   0.0021
  35  H   3d0    0.0000   0.0001  -0.0003   0.0009  -0.0023  -0.0010
  36  H   3d2+   0.0000   0.0001   0.0003   0.0018  -0.0020  -0.0007

     Molecular orbitals for symmetry species   2

 Orbital          1        2
   1  O   2px    0.7120  -1.0004
   2  O   2px    0.0014   0.0497
   3  O   2px   -0.0142   0.2928
   4  O   3d1+  -0.0101   0.0069
   5  O   3d1+  -0.0288   0.0026
   6  O   4f1+   0.0054   0.0047
   7  O   4f3+   0.0022  -0.0108
   8  C   2px    0.5411   0.8935
   9  C   2px   -0.0081   0.0023
  10  C   2px   -0.0417  -0.1196
  11  C   3d1+   0.0205   0.0228
  12  C   3d1+   0.0366   0.0533
  13  C   4f1+   0.0084   0.0072
  14  C   4f3+   0.0008   0.0093
  15  H   2px    0.0040   0.0067
  16  H   2px    0.0081   0.0093
  17  H   3d2-  -0.0014  -0.0028
  18  H   3d1+   0.0010   0.0016

     Molecular orbitals for symmetry species   3

 Orbital          1        2
   1  O   2py    0.0252   0.9347
   2  O   2py    0.0014   0.0016
   3  O   2py   -0.0519   0.0449
   4  O   3d1-  -0.0051  -0.0062
   5  O   3d1-  -0.0087  -0.0204
   6  O   4f3-   0.0002   0.0022
   7  O   4f1-   0.0028   0.0045
   8  C   2py    0.6859   0.0419
   9  C   2py   -0.0573   0.0222
  10  C   2py   -0.1612   0.0215
  11  C   3d1-  -0.0186   0.0274
  12  C   3d1-  -0.0172   0.0189
  13  C   4f3-   0.0000  -0.0009
  14  C   4f1-   0.0023   0.0108
  15  H   1s     0.6171  -0.1479
  16  H   1s    -0.0529  -0.0471
  17  H   1s    -0.1194  -0.0394
  18  H   2py   -0.0101   0.0022
  19  H   2pz    0.0091   0.0007
  20  H   2py   -0.0180   0.0162
  21  H   2pz    0.0120  -0.0088
  22  H   3d1-  -0.0043   0.0001
  23  H   3d0    0.0001   0.0016
  24  H   3d2+  -0.0019   0.0011


 Printout of CI-coefficients larger than 0.05000 for root  1

 (this is the reference state)



  Printout of coefficients in interval  0.3162     to  1.000    
  ==============================================================

 Coefficient of CSF no.         6 is  0.97746155    
 Occupation and spin coupling 
        1    3    5
        2    2    2


  Printout of coefficients in interval  0.1000     to 0.3162    
  ==============================================================

 Coefficient of CSF no.         8 is -0.16667274    
 Occupation and spin coupling 
        1    4    5
        2    2    2

 Coefficient of CSF no.        18 is -0.10044370    
 Occupation and spin coupling 
        5    1    2    3    4
        2    1   -1    1   -1


  Printout of coefficients in interval  5.0000E-02 to 0.1000    
  ==============================================================

 Coefficient of CSF no.         7 is -6.44184356E-02
 Occupation and spin coupling 
        2    3    5
        2    2    2


  Norm of printed CI vector ..  0.99744957E+00

   Magnitude of CI coefficients 
  ==============================

   ( Ranges are relative to norm of vector :  1.00E+00 )

  10- 1 to 10- 0         3    0.99329983E+00    0.99329983E+00
  10- 2 to 10- 1         7    0.66505079E-02    0.99995034E+00
  10- 3 to 10- 2         6    0.48311697E-04    0.99999865E+00
  10- 4 to 10- 3         2    0.13491286E-05    0.10000000E+01
  Number of coefficients less than 10^-11 times norm is            0



 >>>> Total CPU  time used in SIRIUS :     22.11 seconds
 >>>> Total wall time used in SIRIUS :     24.00 seconds

 
     Date and time (Linux)  : Wed Dec  3 14:04:35 2003
     Host name              : chim251.unife.it                        

- End of Wave Function Section

 WARNING>>>> Due to convergence thresholds for the wave function
 WARNING>>>> thresholds for convergence of geometry optimization has been reset

 New thresholds:

                    Gradient norm  0.00002000
                    Step norm      0.00002000
                    Energy change  0.00002000
      Starting Static Property Section -


 
     Date and time (Linux)  : Wed Dec  3 14:04:36 2003
     Host name              : chim251.unife.it                        


 ***************************************************************************
 ************************ FINAL RESULTS FROM ABACUS ************************
 ***************************************************************************


 
     Date and time (Linux)  : Wed Dec  3 14:04:57 2003
     Host name              : chim251.unife.it                        



                         Molecular geometry (au)
                         -----------------------

 O          0.0000000000            0.0000000000            1.1445112225
 C          0.0000000000            0.0000000000           -1.1519980706
 H    1     0.0000000000            1.7539606154           -2.2237902783
 H    2     0.0000000000           -1.7539606154           -2.2237902783





                    Molecular wave function and energy
                    ----------------------------------

     Spin multiplicity  1     State number       1     Total charge       0


     Total energy       -113.9852836942 au (Hartrees)
                         -3101.69725656 eV
                           -299268.3198 kJ/mol




                         Relativistic corrections
                         ------------------------

     Darwin correction:                          0.2610146704 au
     Mass-velocity correction:                  -0.3273997838 au

     Total relativistic correction:             -0.0663851134 au (0.0582%)
     Non-relativistic + relativistic energy:  -114.0516688076 au




                         Molecular gradient (au)
                         -----------------------

                         O    z     0.0000069732
                         C    z    -0.0000040360
                         H    y    -0.0000067854
                         H    z    -0.0000029372



 O          0.0000000000            0.0000000000            0.0000069732
 C          0.0000000000            0.0000000000           -0.0000040360
 H    1     0.0000000000           -0.0000033927           -0.0000014686
 H    2     0.0000000000            0.0000033927           -0.0000014686





                              Dipole moment
                              -------------

                    0.947040 au           2.407159 Debye




                         Dipole moment components
                         ------------------------

                               au             Debye

                    z     -0.94704044     -2.40715897

                        1 a.u. =   2.54177 Debye 





   Interatomic separations (in Angstroms):
   ---------------------------------------

            O           C           H  1        H  2

   O       0.000000
   C       1.215260    0.000000
   H  1    2.009608    1.087728    0.000000
   H  2    2.009608    1.087728    1.856312    0.000000




  Bond distances (angstroms):
  ---------------------------

                  atom 1     atom 2                           distance
                  ------     ------                           --------
  bond distance:    C          O                              1.215260
  bond distance:    H  1       C                              1.087728
  bond distance:    H  2       C                              1.087728


  Bond angles (degrees):
  ----------------------

                  atom 1     atom 2     atom 3                   angle
                  ------     ------     ------                   -----
  bond angle:       O          C          H  1                 121.428
  bond angle:       O          C          H  2                 121.428
  bond angle:       H  1       C          H  2                 117.144




 CPU time statistics for ABACUS
 ------------------------------

 TWOTEX     00:00:20      99 %

 TOTAL      00:00:21     100 %



 >>>> Total CPU  time used in ABACUS:  20.63 seconds
 >>>> Total wall time used in ABACUS:  21.00 seconds

- End of Static Property Section


       :::::::::::::::::::::::::::::::::::::::::::::::::::::::::::
       ::::::::::::::: Optimization Control Center :::::::::::::::
       :::::::::::::::::::::::::::::::::::::::::::::::::::::::::::



                            Next geometry (au)
                            ------------------

 O          0.0000000000            0.0000000000            1.1444999910
 C          0.0000000000            0.0000000000           -1.1520027055
 H    1     0.0000000000            1.7539736466           -2.2237823451
 H    2     0.0000000000           -1.7539736466           -2.2237823451





                         Optimization information
                         ------------------------

 Iteration number               :       0
 End of optimization            :       F 
 Energy at this geometry is     :    -113.985284
 Norm of gradient               :       0.000010
 Norm of step                   :       0.000028
 Updated trust radius           :       0.500000
 Total Hessian index            :       0


    Starting in Integral Section -



 *************************************************************************
 ****************** Output from HERMIT input processing ******************
 *************************************************************************


 >>> Time used in ONEDRV is   0.02 seconds


 Number of two-electron integrals written:     1857978 ( 24.2% )
 Megabytes written:                             21.277



 >>> Time used in TWOINT is   3.97 seconds


 >>> Time used in FRMSUP is   0.46 seconds

 >>>> Total CPU  time used in HERMIT:   4.46 seconds
 >>>> Total wall time used in HERMIT:   5.00 seconds

- End of Integral Section
     Starting Wave Function Section -

 **********************************************************************
 *SIRIUS* a direct, restricted step, second order MCSCF program       *
 **********************************************************************

 
     Date and time (Linux)  : Wed Dec  3 14:05:02 2003
     Host name              : chim251.unife.it                        

 Title lines from integral program:
     formaldeide                                                             
                                                                             

 Print level on unit LUPRI =   2 is   0
 Print level on unit LUW4  =   2 is   5

     MC-SCF optimization.

               Type: complete active space calculation (CAS).

     This is a combination run starting with



 Initial molecular orbitals are obtained according to
 ".MOSTART NEWORB" input option.

     Wave function specification
     ============================
     Number of closed shell electrons         10
     Number of electrons in active shells      6
     Number of active orbitals                 5
     Total number of orbitals                 88

     Spin multiplicity                         1
     Total number of symmetries                4
     Reference state symmetry                  1

     Orbital specifications
     ======================
     Abelian symmetry species           1   2   3   4
                                       --  --  --  --
     Inactive orbitals                  4   0   1   0
     Active orbitals                    2   2   1   0
     Secondary orbitals                30  16  22  10
     Total number of orbitals          36  18  24  10
     Number of basis functions         36  18  24  10

     Optimization information
     ========================
     Number of configurations             18
     Number of orbital rotations         265
     ---------------------------------------
     Total number of variables           283

     Maximum number of macro iterations      15
     Maximum number of micro iterations     360
     Threshold for gradient            1.00D-05
     Number of initial trial vectors          1
     Number of initial CI iterations         20
     Number of simultaneous trial vectors     1

     This calculation converges to the lowest state
     for the specified symmetry and spin species.

     Maximum number of NEO/NR iterations  24


        SIRIUS MCSCF optimization (SIROPT)
 ================================================


   <<< OUTPUT FROM SIRCNO >>>    Keyword = FD+NO 


 Occupations of CAS natural orbitals:

 Symmetry  1

   1.979113773   0.021320116

 Symmetry  2

   1.931685342   0.068726596

 Symmetry  3

   1.999154173


 <<< MACRO ITERATION  1 >>>
 --------------------------

 Total MCSCF energy       :     -113.985283694309800       (MACRO    1)

 Norm of total gradient   :        0.000017776973
 -    of CI gradient      :        0.000005660507
 -    of orbital gradient :        0.000016851689

 Residual norm when dim(red L) =   4
 NEO root     CSF        orbital          total
    1     0.00000197     0.00000317     0.00000373 converged

 (NEONEX) NEO vector is converged.

   <<< OUTPUT FROM SIRCNO >>>    Keyword = FD+NO 


 Occupations of CAS natural orbitals:

 Symmetry  1

   1.979114097   0.021319794

 Symmetry  2

   1.931685628   0.068726301

 Symmetry  3

   1.999154181


 <<< MACRO ITERATION  2 >>>
 --------------------------

 Total MCSCF energy       :     -113.985283694335900       (MACRO    2)

 Norm of total gradient   :        0.000003727408
 -    of CI gradient      :        0.000001968393
 -    of orbital gradient :        0.000003165280

 *** Optimization control: MCSCF converged ***
     Number of macro iterations used            2
     Number of micro iterations used            3
     Total number of CPU seconds used         5.49


               >>> SIRIUS OPTIMIZATION STATISTICS <<<

 
     Date and time (Linux)  : Wed Dec  3 14:05:11 2003
     Host name              : chim251.unife.it                        


  ITER ITMIC     EMCSCF           GRDNRM        RATIO      STPLNG
 ---------------------------------------------------------------------
    1    3   -113.985283694310   0.0000177770  0.000000   0.0000372107
    2    0   -113.985283694336   0.0000037274  1.000000   0.0000000000


  ITER  INDGCM  GCIMAX      GCINRM     INDGOM  GOBMAX      GOBNRM      GRDNRM
 ------------------------------------------------------------------------------
    1      7   -0.000003    0.000006    140    0.000004    0.000017    0.000018
    2     15    0.000001    0.000002    247   -0.000001    0.000003    0.000004


  ITER ITMIC NCLIN NOLIN   TIMMAC    TIMITR    TIMMIC    TIMLIN    TIMMIC/ITMIC
 ------------------------------------------------------------------------------

    1     3     1     2      3.17      2.70      0.40      0.34      0.13
    2     0     0     0      2.27      2.19      0.00      0.00


 ITER         EMY                 EACTIV              EMCSCF

    1   -132.009120366066    -13.213724788256   -113.985283694310
    2   -132.009068168127    -13.213776986221   -113.985283694336


 ITER         DEPRED              DEACT               RATIO

    1      0.000000000000      0.000000000000      0.000000000000
    2     -0.000000000026     -0.000000000026      1.000000000000


 ITER    BETA           GAMMA             STPLNG              RTRUST

    1      0.20000000  1.00000000      0.000037210709      0.700000000000
    2      0.00000000  0.00000000      0.000000000000      0.700000000000


 Reduced L root no.  1
 ITER         EVAL              EVEC(1)           EVEC(2)           EVEC(3)
 ----------------------------------------------------------------------------
    1   -0.000000000002    0.999999999972   -0.000007168267   -0.000000244353
    2    0.000000000000    0.000000000000    0.000000000000    0.000000000000


                    >>> FINAL RESULTS FROM SIRIUS <<<

     Spin multiplicity:           1
     Spatial symmetry:            1
     State number:                1

     Final MCSCF energy:         -113.985283694336
     Nuclear repulsion:            31.237561460012
     Electronic energy:          -145.222845154348

     Final gradient norm:           0.000003727408

 
     Date and time (Linux)  : Wed Dec  3 14:05:11 2003
     Host name              : chim251.unife.it                        


 Occupancies of natural orbitals
 -------------------------------

 Symmetry  1

   2.000000000   2.000000000   2.000000000   2.000000000   1.979114097
   0.021319794

 Sum =          10.000433891

 Symmetry  2

   1.931685628   0.068726301

 Sum =           2.000411929

 Symmetry  3

   2.000000000   1.999154181

 Sum =           3.999154181

 Symmetry  4

   No occupied orbitals

     Molecular orbitals for symmetry species   1

 Orbital          1        2        3        4        5        6
   1  O   1s     0.9987  -0.0006  -0.0046   0.0013   0.0093   0.0580
   2  O   1s    -0.0028   0.0000   0.8845   0.2722  -0.1771   0.6621
   3  O   1s     0.0015   0.0003  -0.0040   0.0000   0.0059   0.0461
   4  O   1s     0.0006  -0.0004  -0.0042   0.0395   0.1206   0.0754
   5  O   2pz   -0.0055  -0.0026   0.2829   0.0918   0.7487  -1.2544
   6  O   2pz    0.0045   0.0009  -0.0059  -0.0069  -0.0122   0.1019
   7  O   2pz    0.0016   0.0003   0.0252  -0.0182  -0.0592   0.4038
   8  O   3d0    0.0002   0.0000  -0.0004  -0.0012  -0.0141   0.0134
   9  O   3d2+  -0.0001   0.0000  -0.0005   0.0001  -0.0004   0.0054
  10  O   3d0   -0.0006  -0.0003  -0.0041   0.0000  -0.0350  -0.0014
  11  O   3d2+  -0.0002  -0.0001  -0.0010  -0.0022  -0.0011   0.0086
  12  O   4f0    0.0001   0.0000  -0.0004  -0.0001   0.0077   0.0042
  13  O   4f2+   0.0000   0.0000   0.0004   0.0002   0.0015  -0.0142
  14  C   1s     0.0004   0.9991  -0.0107   0.0086   0.0133  -0.0588
  15  C   1s     0.0021   0.0021   0.1909  -0.6839  -0.3871  -0.9139
  16  C   1s    -0.0002   0.0017  -0.0071   0.0104  -0.0021  -0.0857
  17  C   1s    -0.0019   0.0000  -0.0059   0.1001   0.1622   0.3058
  18  C   2pz    0.0011   0.0019  -0.0557   0.3497  -0.6072  -1.1628
  19  C   2pz    0.0022   0.0005  -0.0117  -0.0325   0.1003  -0.0196
  20  C   2pz   -0.0007  -0.0010   0.0194  -0.0690   0.1972   0.3225
  21  C   3d0    0.0005   0.0007   0.0069   0.0036  -0.0225  -0.0369
  22  C   3d2+   0.0000  -0.0005  -0.0035   0.0130  -0.0020  -0.0226
  23  C   3d0    0.0012   0.0004   0.0117   0.0038  -0.0109  -0.0642
  24  C   3d2+   0.0007   0.0001  -0.0078   0.0122   0.0003  -0.0619
  25  C   4f0    0.0001   0.0008   0.0047  -0.0031  -0.0082   0.0022
  26  C   4f2+  -0.0001   0.0005   0.0029  -0.0046  -0.0047  -0.0087
  27  H   1s     0.0003   0.0000   0.1221  -0.4885   0.1151   0.1138
  28  H   1s     0.0008   0.0004  -0.0368   0.0909   0.0071  -0.0972
  29  H   1s    -0.0001  -0.0007  -0.0324   0.1616  -0.0144  -0.0201
  30  H   2py   -0.0001   0.0003  -0.0017   0.0111  -0.0043  -0.0023
  31  H   2pz    0.0000  -0.0002   0.0008  -0.0048   0.0006  -0.0024
  32  H   2py   -0.0001  -0.0001   0.0018   0.0114  -0.0159   0.0185
  33  H   2pz    0.0004   0.0002  -0.0052  -0.0026   0.0006  -0.0328
  34  H   3d1-   0.0000   0.0002   0.0004   0.0017  -0.0011   0.0021
  35  H   3d0    0.0000   0.0001  -0.0003   0.0009  -0.0023  -0.0010
  36  H   3d2+   0.0000   0.0001   0.0003   0.0018  -0.0020  -0.0007

     Molecular orbitals for symmetry species   2

 Orbital          1        2
   1  O   2px    0.7120  -1.0004
   2  O   2px    0.0014   0.0497
   3  O   2px   -0.0142   0.2928
   4  O   3d1+  -0.0101   0.0069
   5  O   3d1+  -0.0288   0.0026
   6  O   4f1+   0.0054   0.0047
   7  O   4f3+   0.0022  -0.0108
   8  C   2px    0.5411   0.8935
   9  C   2px   -0.0081   0.0023
  10  C   2px   -0.0417  -0.1196
  11  C   3d1+   0.0205   0.0228
  12  C   3d1+   0.0366   0.0533
  13  C   4f1+   0.0084   0.0072
  14  C   4f3+   0.0008   0.0093
  15  H   2px    0.0040   0.0067
  16  H   2px    0.0081   0.0093
  17  H   3d2-  -0.0014  -0.0028
  18  H   3d1+   0.0010   0.0016

     Molecular orbitals for symmetry species   3

 Orbital          1        2
   1  O   2py    0.0251   0.9347
   2  O   2py    0.0014   0.0016
   3  O   2py   -0.0519   0.0449
   4  O   3d1-  -0.0051  -0.0062
   5  O   3d1-  -0.0087  -0.0204
   6  O   4f3-   0.0002   0.0022
   7  O   4f1-   0.0028   0.0045
   8  C   2py    0.6859   0.0419
   9  C   2py   -0.0573   0.0222
  10  C   2py   -0.1612   0.0215
  11  C   3d1-  -0.0186   0.0274
  12  C   3d1-  -0.0172   0.0189
  13  C   4f3-   0.0000  -0.0009
  14  C   4f1-   0.0023   0.0108
  15  H   1s     0.6171  -0.1478
  16  H   1s    -0.0529  -0.0471
  17  H   1s    -0.1194  -0.0394
  18  H   2py   -0.0101   0.0022
  19  H   2pz    0.0091   0.0007
  20  H   2py   -0.0180   0.0162
  21  H   2pz    0.0120  -0.0088
  22  H   3d1-  -0.0043   0.0001
  23  H   3d0    0.0001   0.0016
  24  H   3d2+  -0.0019   0.0011


 Printout of CI-coefficients larger than 0.05000 for root  1

 (this is the reference state)



  Printout of coefficients in interval  0.3162     to 1.0000    
  ==============================================================

 Coefficient of CSF no.         6 is  0.97746171    
 Occupation and spin coupling 
        1    3    5
        2    2    2


  Printout of coefficients in interval  1.0000E-01 to 0.3162    
  ==============================================================

 Coefficient of CSF no.         8 is -0.16667252    
 Occupation and spin coupling 
        1    4    5
        2    2    2

 Coefficient of CSF no.        18 is -0.10044306    
 Occupation and spin coupling 
        5    1    2    3    4
        2    1   -1    1   -1


  Printout of coefficients in interval  5.0000E-02 to 1.0000E-01
  ==============================================================

 Coefficient of CSF no.         7 is -6.44176957E-02
 Occupation and spin coupling 
        2    3    5
        2    2    2


  Norm of printed CI vector ..  0.99744957E+00

   Magnitude of CI coefficients 
  ==============================

   ( Ranges are relative to norm of vector :  1.00E+00 )

  10- 1 to 10- 0         3    0.99329993E+00    0.99329993E+00
  10- 2 to 10- 1         7    0.66504145E-02    0.99995034E+00
  10- 3 to 10- 2         6    0.48308195E-04    0.99999865E+00
  10- 4 to 10- 3         2    0.13488764E-05    0.10000000E+01
  Number of coefficients less than 10^-11 times norm is            0



 >>>> Total CPU  time used in SIRIUS :      7.97 seconds
 >>>> Total wall time used in SIRIUS :      9.00 seconds

 
     Date and time (Linux)  : Wed Dec  3 14:05:11 2003
     Host name              : chim251.unife.it                        

- End of Wave Function Section
 Trust radius squarely increased due to very good ratio.
 Updated trust radius   0.50000
      Starting Static Property Section -


 
     Date and time (Linux)  : Wed Dec  3 14:05:11 2003
     Host name              : chim251.unife.it                        

 
     Date and time (Linux)  : Wed Dec  3 14:05:31 2003
     Host name              : chim251.unife.it                        



 CPU time statistics for ABACUS
 ------------------------------

 TWOTEX     00:00:20      99 %

 TOTAL      00:00:20     100 %



 >>>> Total CPU  time used in ABACUS:  20.18 seconds
 >>>> Total wall time used in ABACUS:  20.00 seconds

- End of Static Property Section


       :::::::::::::::::::::::::::::::::::::::::::::::::::::::::::
       ::::::::::::::: Optimization Control Center :::::::::::::::
       :::::::::::::::::::::::::::::::::::::::::::::::::::::::::::



                           Final geometry (au)
                           -------------------

 O          0.0000000000            0.0000000000            1.1444999910
 C          0.0000000000            0.0000000000           -1.1520027055
 H    1     0.0000000000            1.7539736466           -2.2237823451
 H    2     0.0000000000           -1.7539736466           -2.2237823451





                         Optimization information
                         ------------------------

 Iteration number               :       1
 End of optimization            :       T 
 Energy at this geometry is     :    -113.985284
 Energy change from last geom.  :       0.000000
 Norm of gradient               :       0.000002
 Norm of step                   :       0.000009
 Updated trust radius           :       0.500000
 Total Hessian index            :       0




 *************************************************************************
 ****************** Output from ABACUS input processing ******************
 *************************************************************************



 The following molecular properties will be calculated in this run:
 ------------------------------------------------------------------

      The molecular gradient
      The molecular Hessian
      Vibrational analysis


 Default print level:        0



 Changes of defaults for VIBANA:
 -------------------------------

 Print level in VIBANA:   10
 Vibrational analysis for parent molecule only.
      Starting Static Property Section -


 
     Date and time (Linux)  : Wed Dec  3 14:05:31 2003
     Host name              : chim251.unife.it                        


 ***************************************************************************
 ************************ FINAL RESULTS FROM ABACUS ************************
 ***************************************************************************


 
     Date and time (Linux)  : Wed Dec  3 14:07:16 2003
     Host name              : chim251.unife.it                        



                         Molecular geometry (au)
                         -----------------------

 O          0.0000000000            0.0000000000            1.1444999910
 C          0.0000000000            0.0000000000           -1.1520027055
 H    1     0.0000000000            1.7539736466           -2.2237823451
 H    2     0.0000000000           -1.7539736466           -2.2237823451





                    Molecular wave function and energy
                    ----------------------------------

     Spin multiplicity  1     State number       1     Total charge       0


     Total energy       -113.9852836943 au (Hartrees)
                         -3101.69725656 eV
                           -299268.3198 kJ/mol




                         Relativistic corrections
                         ------------------------

     Darwin correction:                          0.2610146714 au
     Mass-velocity correction:                  -0.3273997870 au

     Total relativistic correction:             -0.0663851156 au (0.0582%)
     Non-relativistic + relativistic energy:  -114.0516688099 au




                         Molecular gradient (au)
                         -----------------------

                         O    z     0.0000007420
                         C    z     0.0000000013
                         H    y    -0.0000020435
                         H    z    -0.0000007433



 O          0.0000000000            0.0000000000            0.0000007420
 C          0.0000000000            0.0000000000            0.0000000013
 H    1     0.0000000000           -0.0000010218           -0.0000003716
 H    2     0.0000000000            0.0000010218           -0.0000003716





                          Molecular Hessian (au)
                          ----------------------


           Symmetry 1

           O    z      C    z      H    y      H    z

 O    z    0.804764
 C    z   -0.718419    0.948111
 H    y    0.028565    0.192578    0.601375
 H    z   -0.086345   -0.229692   -0.221143    0.316038


           Symmetry 2

           O    x      C    x      H    x

 O    x    0.018105
 C    x   -0.056896    0.178808
 H    x    0.038792   -0.121912    0.083120


           Symmetry 3

           O    y      C    y      H    y      H    z

 O    y    0.075673
 C    y   -0.108776    0.666084
 H    y    0.033103   -0.557307    0.524204
 H    z    0.078852    0.198125   -0.276977    0.272490


           Symmetry 4

           H    x

 H    x   -0.000001




           O    x      O    y      O    z      C    x      C    y      C    z

 O    x    0.018105
 O    y    0.000000    0.075673
 O    z    0.000000    0.000000    0.804764

 C    x   -0.056896    0.000000    0.000000    0.178808
 C    y    0.000000   -0.108776    0.000000    0.000000    0.666084
 C    z    0.000000    0.000000   -0.718419    0.000000    0.000000    0.948111

 H  1 x    0.019396    0.000000    0.000000   -0.060956    0.000000    0.000000
 H  1 y    0.000000    0.016551    0.014283    0.000000   -0.278654    0.096289
 H  1 z    0.000000    0.039426   -0.043173    0.000000    0.099062   -0.114846

 H  2 x    0.019396    0.000000    0.000000   -0.060956    0.000000    0.000000
 H  2 y    0.000000    0.016551   -0.014283    0.000000   -0.278654   -0.096289
 H  2 z    0.000000   -0.039426   -0.043173    0.000000   -0.099062   -0.114846


           H  1 x      H  1 y      H  1 z      H  2 x      H  2 y      H  2 z

 H  1 x    0.020780
 H  1 y    0.000000    0.281395
 H  1 z    0.000000   -0.124530    0.147132

 H  2 x    0.020780    0.000000    0.000000    0.020780
 H  2 y    0.000000   -0.019293   -0.013958    0.000000    0.281395
 H  2 z    0.000000    0.013958    0.010887    0.000000    0.124530    0.147132





                              Dipole moment
                              -------------

                    0.947029 au           2.407130 Debye




                         Dipole moment components
                         ------------------------

                               au             Debye

                    z     -0.94702911     -2.40713019

                        1 a.u. =   2.54177 Debye 





   Interatomic separations (in Angstroms):
   ---------------------------------------

            O           C           H  1        H  2

   O       0.000000
   C       1.215257    0.000000
   H  1    2.009602    1.087731    0.000000
   H  2    2.009602    1.087731    1.856326    0.000000




  Bond distances (angstroms):
  ---------------------------

                  atom 1     atom 2                           distance
                  ------     ------                           --------
  bond distance:    C          O                              1.215257
  bond distance:    H  1       C                              1.087731
  bond distance:    H  2       C                              1.087731


  Bond angles (degrees):
  ----------------------

                  atom 1     atom 2     atom 3                   angle
                  ------     ------     ------                   -----
  bond angle:       O          C          H  1                 121.427
  bond angle:       O          C          H  2                 121.427
  bond angle:       H  1       C          H  2                 117.145




 ****************************************************************************
 *************** ABACUS - ROTATIONAL AND VIBRATIONAL ANALYSIS ***************
 ****************************************************************************



                   Charges in non-symmetry coordinates
                   -----------------------------------

    8    6    1    1


                   Geometry in non-symmetry coordinates
                   ------------------------------------


               Column   1     Column   2     Column   3     Column   4
       1       0.00000000     0.00000000     1.14449999     0.00000000

               Column   5     Column   6     Column   7     Column   8
       1       0.00000000    -1.15200271     0.00000000     1.75397365

               Column   9     Column  10     Column  11     Column  12
       1      -2.22378235     0.00000000    -1.75397365    -2.22378235


                   Gradient in non-symmetry coordinates
                   ------------------------------------


               Column   1     Column   2     Column   3     Column   4
       1     0.000000D+00   0.000000D+00   7.419961D-07   0.000000D+00

               Column   5     Column   6     Column   7     Column   8
       1     0.000000D+00   1.302680D-09   0.000000D+00  -1.021762D-06

               Column   9     Column  10     Column  11     Column  12
       1    -3.716494D-07   0.000000D+00   1.021762D-06  -3.716494D-07


                Nuc. Rep. gradient in non-sym. coordinates
                ------------------------------------------


               Column   1     Column   2     Column   3     Column   4
       1       0.00000000     0.00000000   -10.08539610     0.00000000

               Column   5     Column   6     Column   7     Column   8
       1       0.00000000     7.62048111     0.00000000    -1.54921838

               Column   9     Column  10     Column  11     Column  12
       1       1.23245749     0.00000000     1.54921838     1.23245749


                   Hessian in non-symmetry coordinates
                   -----------------------------------


               Column   1     Column   2     Column   3     Column   4
       1       0.01810453     0.00000000     0.00000000    -0.05689641
       2       0.00000000     0.07567331     0.00000000     0.00000000
       3       0.00000000     0.00000000     0.80476444     0.00000000
       4      -0.05689641     0.00000000     0.00000000     0.17880836
       5       0.00000000    -0.10877623     0.00000000     0.00000000
       6       0.00000000     0.00000000    -0.71841917     0.00000000
       7       0.01939594     0.00000000     0.00000000    -0.06095598
       8       0.00000000     0.01655146     0.01428261     0.00000000
       9       0.00000000     0.03942595    -0.04317264     0.00000000
      10       0.01939594     0.00000000     0.00000000    -0.06095598
      11       0.00000000     0.01655146    -0.01428261     0.00000000
      12       0.00000000    -0.03942595    -0.04317264     0.00000000

               Column   5     Column   6     Column   7     Column   8
       1       0.00000000     0.00000000     0.01939594     0.00000000
       2      -0.10877623     0.00000000     0.00000000     0.01655146
       3       0.00000000    -0.71841917     0.00000000     0.01428261
       4       0.00000000     0.00000000    -0.06095598     0.00000000
       5       0.66608354     0.00000000     0.00000000    -0.27865365
       6       0.00000000     0.94811143     0.00000000     0.09628885
       7       0.00000000     0.00000000     0.02077973     0.00000000
       8      -0.27865365     0.09628885     0.00000000     0.28139474
       9       0.09906241    -0.11484613     0.00000000    -0.12452991
      10       0.00000000     0.00000000     0.02078031     0.00000000
      11      -0.27865365    -0.09628885     0.00000000    -0.01929255
      12      -0.09906241    -0.11484613     0.00000000     0.01395845

               Column   9     Column  10     Column  11     Column  12
       1       0.00000000     0.01939594     0.00000000     0.00000000
       2       0.03942595     0.00000000     0.01655146    -0.03942595
       3      -0.04317264     0.00000000    -0.01428261    -0.04317264
       4       0.00000000    -0.06095598     0.00000000     0.00000000
       5       0.09906241     0.00000000    -0.27865365    -0.09906241
       6      -0.11484613     0.00000000    -0.09628885    -0.11484613
       7       0.00000000     0.02078031     0.00000000     0.00000000
       8      -0.12452991     0.00000000    -0.01929255     0.01395845
       9       0.14713179     0.00000000    -0.01395845     0.01088698
      10       0.00000000     0.02077973     0.00000000     0.00000000
      11      -0.01395845     0.00000000     0.28139474     0.12452991
      12       0.01088698     0.00000000     0.12452991     0.14713179

 Norm of (unprojected) molecular gradient (au) :     0.00000171


 Conversion factors used:

    Hartree to (cm)-1      : 219474.63137
    a.m.u.  to a.u.        :   1822.88848
    Bohr    to Angstrom    :  0.529177208
    a.u.    to A**4amu-1   :   142.943570


 Vibrational analysis for parent molecule only.

    6 Rotational and translational degrees of freedom
    **** non-linear geometry ****
  Norm of projected gradient     0.000002


                         Isotopic Molecule No. 1
                         ======================= 


                             Isotopic Masses
                             ---------------

                           O          15.994915
                           C          12.000000
                           H    1      1.007825
                           H    2      1.007825

                       Total mass:    30.010565 amu
                       Natural abundance:  98.633 %



 Center-of-mass coordinates (A):    0.000000    0.000000   -0.000007


 Moments of inertia (u*A**2) :
        14.854266    0.000000    0.000000
         0.000000   13.117811    0.000000
         0.000000    0.000000    1.736455


 Principal moments of inertia (u*A**2) and principal axes
 --------------------------------------------------------

   IA    1.736455          0.000000    0.000000    1.000000
   IB   13.117811          0.000000    1.000000    0.000000
   IC   14.854266          1.000000    0.000000    0.000000


 Rotational constants
 --------------------

 The molecule is planar.

               A                   B                   C

         291040.6721          38526.1691          34022.4827 MHz
            9.708072            1.285095            1.134868 cm-1


                   Eigenvalues of mass-weighted Hessian
                   ------------------------------------


               Column   1     Column   2     Column   3     Column   4
       1     1.594102D-22  -1.357917D-21  -2.125724D-21  -1.141632D-21

               Column   5     Column   6     Column   7     Column   8
       1     5.014742D-21   6.495460D-05   3.141707D-05   2.138563D-04

               Column   9     Column  10     Column  11     Column  12
       1     5.308137D-05   1.693885D-21   2.025912D-04   3.601777D-05


                  Normal coordinates in Cartesian basis
                  -------------------------------------


               Column   1     Column   2     Column   3     Column   4
       1       0.00579821     0.00000000     0.00000000     0.00000000
       2       0.00000000     0.00564146     0.00000078     0.00000000
       3       0.00000000    -0.00000059     0.00427546     0.00000000
       4       0.00048971     0.00000000     0.00000000     0.00579490
       5       0.00000000     0.00082374     0.00000507     0.00000000
       6       0.00000000    -0.00000059     0.00427546     0.00000000
       7      -0.00198777     0.00000000     0.00000000     0.00849938
       8       0.00000000    -0.00142469     0.00000707     0.00000000
       9       0.00000000    -0.00368017     0.00427873     0.00000000
      10      -0.00198777     0.00000000     0.00000000     0.00849938
      11       0.00000000    -0.00142469     0.00000707     0.00000000
      12       0.00000000     0.00367898     0.00427219     0.00000000

               Column   5     Column   6     Column   7     Column   8
       1       0.00000000     0.00000000     0.00082332     0.00000000
       2      -0.00000049     0.00000000     0.00000000     0.00000818
       3      -0.00000378    -0.00284734     0.00000000     0.00000000
       4       0.00000000     0.00000000    -0.00344881     0.00000000
       5       0.00559691     0.00000000     0.00000000    -0.00224734
       6      -0.00000378     0.00479562     0.00000000     0.00000000
       7       0.00000000     0.00000000     0.01399891     0.00000000
       8       0.00820921    -0.00595307     0.00000000     0.01331445
       9       0.00427127    -0.00595566     0.00000000    -0.00805092
      10       0.00000000     0.00000000     0.01399891     0.00000000
      11       0.00820921     0.00595307     0.00000000     0.01331445
      12      -0.00427884    -0.00595566     0.00000000     0.00805092

               Column   9     Column  10     Column  11     Column  12
       2       0.00000000     0.00000000     0.00000000    -0.00157194
       3      -0.00281234     0.00000000    -0.00003104     0.00000000
       5       0.00000000     0.00000000     0.00000000     0.00294288
       6       0.00165879     0.00000000    -0.00129840     0.00000000
       7       0.00000000    -0.01649728     0.00000000     0.00000000
       8       0.00618264     0.00000000    -0.01408887    -0.00504627
       9       0.01244150     0.00000000     0.00797621    -0.01324868
      10       0.00000000     0.01649728     0.00000000     0.00000000
      11      -0.00618264     0.00000000     0.01408887    -0.00504627
      12       0.01244150     0.00000000     0.00797621     0.01324868


              Non-zero eigenvalues of mass-weighted Hessian
              ---------------------------------------------


               Column   1     Column   2     Column   3     Column   4
       1     2.138563D-04   2.025912D-04   6.495460D-05   5.308137D-05

               Column   5     Column   6
       1     3.601777D-05   3.141707D-05


              Non-zero normal coordinates in Cartesian basis
              ----------------------------------------------


               Column   1     Column   2     Column   3     Column   4
       2       0.00000818     0.00000000     0.00000000     0.00000000
       3       0.00000000    -0.00003104    -0.00284734    -0.00281234
       5      -0.00224734     0.00000000     0.00000000     0.00000000
       6       0.00000000    -0.00129840     0.00479562     0.00165879
       8       0.01331445    -0.01408887    -0.00595307     0.00618264
       9      -0.00805092     0.00797621    -0.00595566     0.01244150
      11       0.01331445     0.01408887     0.00595307    -0.00618264
      12       0.00805092     0.00797621    -0.00595566     0.01244150

               Column   5     Column   6
       1       0.00000000     0.00082332
       2      -0.00157194     0.00000000
       3       0.00000000     0.00000000
       4       0.00000000    -0.00344881
       5       0.00294288     0.00000000
       6       0.00000000     0.00000000
       7       0.00000000     0.01399891
       8      -0.00504627     0.00000000
       9      -0.01324868     0.00000000
      10       0.00000000     0.01399891
      11      -0.00504627     0.00000000
      12       0.01324868     0.00000000


                   Normal coordinates in symmetry basis
                   ------------------------------------


               Column   1     Column   2     Column   3     Column   4
       1       0.00000000    -0.00003104    -0.00284734    -0.00281234
       2       0.00000000    -0.00129840     0.00479562     0.00165879
       3       0.00000000    -0.01408887    -0.00595307     0.00618264
       4       0.00000000     0.00797621    -0.00595566     0.01244150
       8       0.00000818     0.00000000     0.00000000     0.00000000
       9      -0.00224734     0.00000000     0.00000000     0.00000000
      10       0.01331445     0.00000000     0.00000000     0.00000000
      11      -0.00805092     0.00000000     0.00000000     0.00000000

               Column   5     Column   6     Column   7     Column   8
       1       0.00000000     0.00000000    -0.00000378     0.00000000
       2       0.00000000     0.00000000    -0.00000378     0.00000000
       3       0.00000000     0.00000000     0.00000000     0.00000000
       4       0.00000000     0.00000000    -0.00000378     0.00000000
       5       0.00000000     0.00082332     0.00000000     0.00000000
       6       0.00000000    -0.00344881     0.00000000     0.00000000
       7       0.00000000     0.01399891     0.00000000     0.00000000
       8      -0.00157194     0.00000000    -0.00000049     0.00000000
       9       0.00294288     0.00000000     0.00559691     0.00000000
      10      -0.00504627     0.00000000     0.00820921     0.00000000
      11      -0.01324868     0.00000000     0.00427506     0.00000000
      12       0.00000000     0.00000000     0.00000000    -0.01649728

               Column   9     Column  10     Column  11     Column  12
       1       0.00000000     0.00000000    -0.00000059     0.00427546
       2       0.00000000     0.00000000    -0.00000059     0.00427546
       3       0.00000000     0.00000000     0.00000000     0.00000000
       4       0.00000000     0.00000000    -0.00000059     0.00427546
       5       0.00579821     0.00000000     0.00000000     0.00000000
       6       0.00048971     0.00579490     0.00000000     0.00000000
       7      -0.00198777     0.00849938     0.00000000     0.00000000
       8       0.00000000     0.00000000     0.00564146     0.00000078
       9       0.00000000     0.00000000     0.00082374     0.00000507
      10       0.00000000     0.00000000    -0.00142469     0.00000707
      11       0.00000000     0.00000000    -0.00367957     0.00000327


                            Sorted eigenvalues
                            ------------------


               Column   1     Column   2     Column   3     Column   4
       1     2.138563D-04   2.025912D-04   6.495460D-05   5.308137D-05

               Column   5     Column   6
       1     3.601777D-05   3.141707D-05


               Sorted normal coordinates in Cartesian basis
               --------------------------------------------


               Column   1     Column   2     Column   3     Column   4
       2       0.00000818     0.00000000     0.00000000     0.00000000
       3       0.00000000    -0.00003104    -0.00284734    -0.00281234
       5      -0.00224734     0.00000000     0.00000000     0.00000000
       6       0.00000000    -0.00129840     0.00479562     0.00165879
       8       0.01331445    -0.01408887    -0.00595307     0.00618264
       9      -0.00805092     0.00797621    -0.00595566     0.01244150
      11       0.01331445     0.01408887     0.00595307    -0.00618264
      12       0.00805092     0.00797621    -0.00595566     0.01244150

               Column   5     Column   6
       1       0.00000000     0.00082332
       2      -0.00157194     0.00000000
       3       0.00000000     0.00000000
       4       0.00000000    -0.00344881
       5       0.00294288     0.00000000
       6       0.00000000     0.00000000
       7       0.00000000     0.01399891
       8      -0.00504627     0.00000000
       9      -0.01324868     0.00000000
      10       0.00000000     0.01399891
      11      -0.00504627     0.00000000
      12       0.01324868     0.00000000


               Sorted normal coordinates in symmetry basis
               -------------------------------------------


               Column   1     Column   2     Column   3     Column   4
       1       0.00000000    -0.00003104    -0.00284734    -0.00281234
       2       0.00000000    -0.00129840     0.00479562     0.00165879
       3       0.00000000    -0.01408887    -0.00595307     0.00618264
       4       0.00000000     0.00797621    -0.00595566     0.01244150
       8       0.00000818     0.00000000     0.00000000     0.00000000
       9      -0.00224734     0.00000000     0.00000000     0.00000000
      10       0.01331445     0.00000000     0.00000000     0.00000000
      11      -0.00805092     0.00000000     0.00000000     0.00000000

               Column   5     Column   6
       1       0.00000000     0.00000000
       2       0.00000000     0.00000000
       3       0.00000000     0.00000000
       4       0.00000000     0.00000000
       5       0.00000000     0.00082332
       6       0.00000000    -0.00344881
       7       0.00000000     0.01399891
       8      -0.00157194     0.00000000
       9       0.00294288     0.00000000
      10      -0.00504627     0.00000000
      11      -0.01324868     0.00000000

 Eigenvalues (Hartrees):
            1  2.1385627153431304E-004           2  2.0259121523947501E-004
            3  6.4954600921730785E-005           4  5.3081366049837087E-005
            5  3.6017770223506411E-005           6  3.1417073614103472E-005
            7  5.0147422739094640E-021           8  1.6938849390850277E-021
            9  1.5941024596951121E-022          10 -1.1416317666549864E-021
           11 -1.3579169978521202E-021          12 -2.1257239075570409E-021

 The eigenvectors (normal coordinates):

               Column   1     Column   2     Column   3     Column   4
       2       0.00000818     0.00000000     0.00000000     0.00000000
       3       0.00000000    -0.00003104    -0.00284734    -0.00281234
       5      -0.00224734     0.00000000     0.00000000     0.00000000
       6       0.00000000    -0.00129840     0.00479562     0.00165879
       8       0.01331445    -0.01408887    -0.00595307     0.00618264
       9      -0.00805092     0.00797621    -0.00595566     0.01244150
      11       0.01331445     0.01408887     0.00595307    -0.00618264
      12       0.00805092     0.00797621    -0.00595566     0.01244150

               Column   5     Column   6     Column   7     Column   8
       1       0.00000000     0.00082332     0.00000000     0.00000000
       2      -0.00157194     0.00000000    -0.00000049     0.00000000
       3       0.00000000     0.00000000    -0.00000378     0.00000000
       4       0.00000000    -0.00344881     0.00000000     0.00000000
       5       0.00294288     0.00000000     0.00559691     0.00000000
       6       0.00000000     0.00000000    -0.00000378     0.00000000
       7       0.00000000     0.01399891     0.00000000    -0.01649728
       8      -0.00504627     0.00000000     0.00820921     0.00000000
       9      -0.01324868     0.00000000     0.00427127     0.00000000
      10       0.00000000     0.01399891     0.00000000     0.01649728
      11      -0.00504627     0.00000000     0.00820921     0.00000000
      12       0.01324868     0.00000000    -0.00427884     0.00000000

               Column   9     Column  10     Column  11     Column  12
       1       0.00579821     0.00000000     0.00000000     0.00000000
       2       0.00000000     0.00000000     0.00564146     0.00000078
       3       0.00000000     0.00000000    -0.00000059     0.00427546
       4       0.00048971     0.00579490     0.00000000     0.00000000
       5       0.00000000     0.00000000     0.00082374     0.00000507
       6       0.00000000     0.00000000    -0.00000059     0.00427546
       7      -0.00198777     0.00849938     0.00000000     0.00000000
       8       0.00000000     0.00000000    -0.00142469     0.00000707
       9       0.00000000     0.00000000    -0.00368017     0.00427873
      10      -0.00198777     0.00849938     0.00000000     0.00000000
      11       0.00000000     0.00000000    -0.00142469     0.00000707
      12       0.00000000     0.00000000     0.00367898     0.00427219



  Vibrational Frequencies
  -----------------------

   mode   irrep     cm-1     hartrees 
  ------------------------------------

    2      A1      3123.88  0.0142335 
    3      A1      1768.84  0.0080594 
    4      A1      1599.03  0.0072857 

    6      B1      1230.18  0.0056051 

    1      B2      3209.56  0.0146238 
    5      B2      1317.17  0.0060015 






  Normal Coordinates (bohrs*amu**(1/2)):
  --------------------------------------


                1  3210     2  3124     3  1769     4  1599     5  1317 
  ----------------------------------------------------------------------

      O    x    0.000000    0.000000    0.000000    0.000000    0.000000
      O    y    0.000349    0.000000    0.000000    0.000000   -0.067114
      O    z    0.000000   -0.001325   -0.121568   -0.120074    0.000000

      C    x    0.000000    0.000000    0.000000    0.000000    0.000000
      C    y   -0.095951    0.000000    0.000000    0.000000    0.125647
      C    z    0.000000   -0.055436    0.204751    0.070823    0.000000

      H  1 x    0.000000    0.000000    0.000000    0.000000    0.000000
      H  1 y    0.568464   -0.601528   -0.254168    0.263970   -0.215452
      H  1 z   -0.343737    0.340547   -0.254279    0.531193   -0.565656

      H  2 x    0.000000    0.000000    0.000000    0.000000    0.000000
      H  2 y    0.568464    0.601528    0.254168   -0.263970   -0.215452
      H  2 z    0.343737    0.340547   -0.254279    0.531193    0.565656


                6  1230 
  ----------------------

      O    x    0.035152
      O    y    0.000000
      O    z    0.000000

      C    x   -0.147248
      C    y    0.000000
      C    z    0.000000

      H  1 x    0.597688
      H  1 y    0.000000
      H  1 z    0.000000

      H  2 x    0.597688
      H  2 y    0.000000
      H  2 z    0.000000



  Analysis in redundant internal coordinates
  ------------------------------------------



                      Expanded array of atoms (Bohr)
                      ------------------------------


               Column   1     Column   2     Column   3     Column   4
       1       8.00000000     0.00000000     0.00000000     1.14450309
       2       6.00000000     0.00000000     0.00000000    -1.15200059
       3       1.00000000     0.00000000     1.75396850    -2.22378495
       4       1.00000000     0.00000000    -1.75396850    -2.22378495


                      Redundant internal coordinates
                      ------------------------------

          1   Regular bond             1   2               1.21526 Ang.
          2   Regular bond             2   3               1.08773 Ang.
          3   Regular bond             2   4               1.08773 Ang.
          6   Regular angle            1   2   3           121.427 deg.
          7   Regular angle            1   2   4           121.427 deg.
          8   Regular angle            3   2   4           117.145 deg.
          9   Extra dihedral angle     1   2   3   4       180.000 deg.
         10   Extra dihedral angle     3   2   4   1       180.000 deg.
         11   Extra dihedral angle     4   2   1   3       180.000 deg.

 Total number of redundant internal coordinates:    11


                      Normal coordinates (internal)
                      -----------------------------


                1  3210     2  3124     3  1769     4  1599     5  1317 
  ----------------------------------------------------------------------

    1 stre      0.000000    0.054110   -0.326319   -0.190897    0.000000
    2 stre      0.746177   -0.719757    0.022465   -0.014801    0.003884
    3 stre     -0.746177   -0.719757    0.022465   -0.014801   -0.003884
    6 bend     -0.067780   -0.011794    0.255031   -0.258074    0.405283
    7 bend      0.067780   -0.011794    0.255031   -0.258074   -0.405283
    8 bend      0.000000    0.023588   -0.510061    0.516148    0.000000
    9 tors      0.000000    0.000000    0.000000    0.000000    0.000000
   10 tors      0.000000    0.000000    0.000000    0.000000    0.000000
   11 tors      0.000000    0.000000    0.000000    0.000000    0.000000

                6  1230 
  ----------------------

    1 stre      0.000000
    2 stre      0.000000
    3 stre      0.000000
    6 bend      0.000000
    7 bend      0.000000
    8 bend      0.000000
    9 tors     -0.907614
   10 tors     -0.907614
   11 tors     -0.946496


                          Total Molecular Energy
                          ----------------------

             electronic     vibrational           total    energy 

            -113.985284        0.027904     -113.957379    Hartrees
           -25016878.12         6124.33    -25010753.79    cm-1
             -299268.32           73.26      -299195.06    kJ/mol
              -71526.85           17.51       -71509.33    kcal/mol


                      Molecular Partition Functions
                      -----------------------------

 Qtran is evaluated per mol at 1 atm. pressure.
 Qrot does not include symmetry numbers.
 Qvib does not include zero point energies
 (i.e., energy scale has vibrational ground state as zero).


 Temp.(K)  Translational     Rotational    Vibrational      Total

    50.00     7.4422D+04          97.55         1.0000   7.259883D+06
   100.00     4.2099D+05         274.43         1.0000   1.155327D+08
   200.00     2.3815D+06         774.10         1.0002   1.843950D+09
   273.15     5.1913D+06        1234.64         1.0028   6.427467D+09
   298.15     6.4619D+06        1407.72         1.0050   9.142420D+09
   300.00     6.5626D+06        1420.83         1.0052   9.373228D+09
   400.00     1.3472D+07        2186.52         1.0261   3.022546D+10
   500.00     2.3534D+07        3054.92         1.0712   7.701458D+10
   600.00     3.7124D+07        4015.07         1.1440   1.705195D+11
   700.00     5.4578D+07        5058.91         1.2461   3.440498D+11
   800.00     7.6208D+07        6180.21         1.3790   6.494801D+11
   900.00     1.0230D+08        7373.93         1.5450   1.165519D+12
  1000.00     1.3313D+08        8635.93         1.7473   2.008872D+12
  1500.00     3.6686D+08       15862.33         3.4668   2.017449D+13
  2000.00     7.5310D+08       24419.44         7.0175   1.290527D+14

 >>> Time used in VIBCTL is   0.01 seconds



 CPU time statistics for ABACUS
 ------------------------------

 TWOTEX     00:00:48      47 %
 RHSIDE     00:00:28      27 %
 RESPON     00:00:25      25 %

 TOTAL      00:01:42     100 %



 >>>> Total CPU  time used in ABACUS:  1 minute  42 seconds
 >>>> Total wall time used in ABACUS:  1 minute  45 seconds

- End of Static Property Section


     <<<<<<<<<<<<<<<<<<<<<<<<<<<<<<<<<<<<<<<<<<<<<<<<<<<<<<<<<<<<<<<
     <<<<<<<<<<<<<<<<<<<<  End of Optimization  <<<<<<<<<<<<<<<<<<<<
     <<<<<<<<<<<<<<<<<<<<<<<<<<<<<<<<<<<<<<<<<<<<<<<<<<<<<<<<<<<<<<<



                              Final geometry
                              --------------

 O          0.0000000000            0.0000000000            1.1444999910
 C          0.0000000000            0.0000000000           -1.1520027055
 H    1     0.0000000000            1.7539736466           -2.2237823451
 H    2     0.0000000000           -1.7539736466           -2.2237823451



 Iter     Energy     Change    GradNorm  Index   StepLen    TrustRad #Rej
 ------------------------------------------------------------------------
   0  -113.985284   0.000000   0.000010    0    0.000028*   0.500000   0 
   1  -113.985284   0.000000   0.000002    0    0.000009*   0.500000   0 

 *) Newton step taken.

 Geometry converged in            2 iterations!

 Energy at final geometry is       :    -113.985284 a.u.
 Energy change during optimization :       0.000000 a.u.
                                              0.000 kJ/mol

 >>>> Total CPU  time used in DALTON:  3 minutes  2 seconds
 >>>> Total wall time used in DALTON:  3 minutes 10 seconds

 
     Date and time (Linux)  : Wed Dec  3 14:07:16 2003
     Host name              : chim251.unife.it                        
